<?xml version="1.0" encoding="utf-8" standalone="no"?>
<!--This file represents the results of running a test suite-->
<test-results name="c:\CS\Grosvenor\MiniDinerSolution\MiniDinerTests\bin\Debug\MiniDinerTests.dll" total="12" errors="0" failures="0" not-run="0" inconclusive="0" ignored="0" skipped="0" invalid="0" date="2015-04-19" time="22:13:13">
  <environment nunit-version="2.6.4.14350" clr-version="2.0.50727.8009" os-version="Microsoft Windows NT 6.2.9200.0" platform="Win32NT" cwd="c:\CS\Grosvenor\MiniDinerSolution" machine-name="MASTERTAM" user="Aharon" user-domain="MASTERTAM" />
  <culture-info current-culture="en-US" current-uiculture="en-US" />
  <test-suite type="Assembly" name="c:\CS\Grosvenor\MiniDinerSolution\MiniDinerTests\bin\Debug\MiniDinerTests.dll" executed="True" result="Success" success="True" time="0.122" asserts="0">
    <results>
      <test-suite type="Namespace" name="MiniDinerTests" executed="True" result="Success" success="True" time="0.107" asserts="0">
        <results>
          <test-suite type="TestFixture" name="DinerTests" executed="True" result="Success" success="True" time="0.105" asserts="0">
            <results>
              <test-case name="MiniDinerTests.DinerTests.TestInvalidInputException" executed="True" result="Success" success="True" time="0.078" asserts="1" />
              <test-case name="MiniDinerTests.DinerTests.TestMorning123" executed="True" result="Success" success="True" time="0.003" asserts="1" />
              <test-case name="MiniDinerTests.DinerTests.TestMorning12333" executed="True" result="Success" success="True" time="0.000" asserts="1" />
              <test-case name="MiniDinerTests.DinerTests.TestMorning1234" executed="True" result="Success" success="True" time="0.000" asserts="1" />
              <test-case name="MiniDinerTests.DinerTests.TestMorning213" executed="True" result="Success" success="True" time="0.000" asserts="1" />
              <test-case name="MiniDinerTests.DinerTests.TestMorningInputException" executed="True" result="Success" success="True" time="0.000" asserts="1" />
              <test-case name="MiniDinerTests.DinerTests.TestNight11235" executed="True" result="Success" success="True" time="0.000" asserts="1" />
              <test-case name="MiniDinerTests.DinerTests.TestNight1224" executed="True" result="Success" success="True" time="0.000" asserts="1" />
              <test-case name="MiniDinerTests.DinerTests.TestNight1234" executed="True" result="Success" success="True" time="0.000" asserts="1" />
              <test-case name="MiniDinerTests.DinerTests.TestNight1235" executed="True" result="Success" success="True" time="0.000" asserts="1" />
              <test-case name="MiniDinerTests.DinerTests.TestNightMixedCase1224" executed="True" result="Success" success="True" time="0.000" asserts="1" />
              <test-case name="MiniDinerTests.DinerTests.TestNoInputException" executed="True" result="Success" success="True" time="0.000" asserts="1" />
            </results>
          </test-suite>
        </results>
      </test-suite>
    </results>
  </test-suite>
</test-results>